Arguments: 
  C:\Program Files\nodejs\node.exe C:\Users\SOFTWARE UNIT\AppData\Roaming\npm\node_modules\yarn\bin\yarn.js add express zod config cors mongoose pino pino-pretty dayjs bycrypt jsonwebtoken lodash nanoid

PATH: 
  C:\Users\SOFTWARE UNIT\bin;C:\Program Files\Git\mingw64\bin;C:\Program Files\Git\usr\local\bin;C:\Program Files\Git\usr\bin;C:\Program Files\Git\usr\bin;C:\Program Files\Git\mingw64\bin;C:\Program Files\Git\usr\bin;C:\Users\SOFTWARE UNIT\bin;C:\Program Files\Common Files\Oracle\Java\javapath;C:\Program Files (x86)\Common Files\Oracle\Java\javapath;C:\Program Files\Intel\iCLS Client;C:\WINDOWS\system32;C:\WINDOWS;C:\WINDOWS\System32\Wbem;C:\WINDOWS\System32\WindowsPowerShell\v1.0;C:\Program Files\Git\cmd;C:\Program Files (x86)\Intel\Intel(R) Management Engine Components\DAL;C:\Program Files\Intel\Intel(R) Management Engine Components\DAL;C:\WINDOWS\System32\OpenSSH;C:\Program Files\Intel\WiFi\bin;C:\Program Files\Common Files\Intel\WirelessCommon;C:\ProgramData\chocolatey\bin;C:\wamp64\bin\mysql\mysql5.7.28\bin;C:\Users\SOFTWARE UNIT\AppData\Local\Android\Sdk;C:\Program Files\Android\Android Studio\plugins\gradle\lib;C:\Program Files\Java\jre1.8.0_231;C:\program files\java\jdk1.8.0_231;C:\Users\SOFTWARE UNIT\.android\avd\Nexus_5X_API_29_x86.avd;C:\Users\SOFTWARE UNIT\AppData\Local\Android\Sdk\platforms;C:\Users\SOFTWARE UNIT\AppData\Local\Android\Sdk\tools\bin;C:\Users\SOFTWARE UNIT\AppData\Local\Android\Sdk\tools;C:\Users\SOFTWARE UNIT\Desktop\gradle-6.0\bin;C:\Program Files\PostgreSQL\pg96\bin;C:\tools;C:\Program Files\nodejs;C:\Program Files\OpenJDK\openjdk-8u282-b08\bin;C:\Program Files\heroku\bin;C:\php;C:\ProgramData\ComposerSetup\bin;C:\Apache24\bin;C:\Program Files\Docker\Docker\resources\bin;C:\ProgramData\DockerDesktop\version-bin;C:\Program Files\MySQL\MySQL Shell 8.0\bin;C:\Users\SOFTWARE UNIT\AppData\Local\Programs\Python\Python37\Scripts;C:\Users\SOFTWARE UNIT\AppData\Local\Programs\Python\Python37;C:\Users\SOFTWARE UNIT\AppData\Local\Microsoft\WindowsApps;C:\Users\SOFTWARE UNIT\AppData\Local\atom\bin;C:\Users\SOFTWARE UNIT\AppData\Local\Microsoft\WindowsApps;C:\Program Files\JetBrains\PyCharm Community Edition 2019.2.1\bin;C:\Users\SOFTWARE UNIT\AppData\Local\Android\Sdk;C:\Program Files\Java\jdk1.8.0_231;C:\Program Files\Android\Android Studio\plugins\gradle\lib;C:\Users\SOFTWARE UNIT\.android\avd\Nexus_5X_API_29_x86.avd;C:\Users\SOFTWARE UNIT\AppData\Local\Android\Sdk\tools;C:\Users\SOFTWARE UNIT\AppData\Local\Android\Sdk\tools\bin;C:\Users\SOFTWARE UNIT\AppData\Local\Android\Sdk\platforms;C:\Users\SOFTWARE UNIT\Desktop\gradle-6.0\bin;C:\Program Files\MongoDB\Server\4.2\bin;C:\Users\SOFTWARE UNIT\AppData\Roaming\nvm;C:\Progr;C:\Program Files\heroku\bin;C:\Users\SOFTWARE UNIT\AppData\Roaming\npm;C:\flutter\bin;C:\tools;C:\Program Files\nodejs;C:\php;C:\Users\SOFTWARE UNIT\AppData\Roaming\Composer\vendor\bin;C:\Users\SOFTWARE UNIT\AppData\Local\Programs\Microsoft VS Code\bin;C:\Program Files\Git\usr\bin\vendor_perl;C:\Program Files\Git\usr\bin\core_perl

Yarn version: 
  1.22.10

Node version: 
  16.11.0

Platform: 
  win32 x64

Trace: 
  Error: https://registry.yarnpkg.com/bycrypt: Not found
      at Request.params.callback [as _callback] (C:\Users\SOFTWARE UNIT\AppData\Roaming\npm\node_modules\yarn\lib\cli.js:66988:18)
      at Request.self.callback (C:\Users\SOFTWARE UNIT\AppData\Roaming\npm\node_modules\yarn\lib\cli.js:140662:22)
      at Request.emit (node:events:390:28)
      at Request.<anonymous> (C:\Users\SOFTWARE UNIT\AppData\Roaming\npm\node_modules\yarn\lib\cli.js:141634:10)
      at Request.emit (node:events:390:28)
      at IncomingMessage.<anonymous> (C:\Users\SOFTWARE UNIT\AppData\Roaming\npm\node_modules\yarn\lib\cli.js:141556:12)
      at Object.onceWrapper (node:events:509:28)
      at IncomingMessage.emit (node:events:402:35)
      at endReadableNT (node:internal/streams/readable:1343:12)
      at processTicksAndRejections (node:internal/process/task_queues:83:21)

npm manifest: 
  {
    "name": "apies6module",
    "version": "1.0.0",
    "main": "index.js",
    "license": "MIT"
  }

yarn manifest: 
  No manifest

Lockfile: 
  No lockfile
